\BOOKMARK [0][-]{chapter.1}{\376\377\131\032\121\103\176\337\213\241\122\006\147\220\116\016\000R}{}% 1
\BOOKMARK [1][-]{section.1.1}{\376\377\116\000\116\052\126\336\137\122\122\006\147\220\166\204\117\213\133\120}{chapter.1}% 2
\BOOKMARK [1][-]{section.1.2}{\376\377\167\351\226\065\116\343\145\160\126\336\230\176}{chapter.1}% 3
\BOOKMARK [0][-]{chapter.2}{\376\377\131\032\121\103\153\143\140\001\122\006\136\003}{}% 4
\BOOKMARK [1][-]{section.2.1}{\376\377\131\032\121\103\176\277\140\047\152\041\127\213}{chapter.2}% 5
\BOOKMARK [1][-]{section.2.2}{\376\377\123\330\221\317\220\011\142\351}{chapter.2}% 6
\BOOKMARK [1][-]{section.2.3}{\376\377\126\336\137\122\213\312\145\255}{chapter.2}% 7
\BOOKMARK [2][-]{subsection.2.3.1}{\376\377\153\213\135\356\122\006\147\220\124\214\137\002\136\070\160\271\122\006\147\220}{section.2.3}% 8
\BOOKMARK [2][-]{subsection.2.3.2}{\376\377\126\336\137\122\213\312\145\255\000:\116\000\202\054\145\271\154\325}{section.2.3}% 9
\BOOKMARK [1][-]{section.2.4}{\376\377\126\336\137\122\230\204\155\113}{chapter.2}% 10
\BOOKMARK [0][-]{chapter.3}{\376\377\136\177\116\111\176\277\140\047\152\041\127\213}{}% 11
\BOOKMARK [1][-]{section.3.1}{\376\377\136\177\116\111\176\277\140\047\152\041\127\213\166\204\133\232\116\111}{chapter.3}% 12
\BOOKMARK [1][-]{section.3.2}{\376\377\000L\000o\000g\000i\000s\000t\000i\000c\152\041\127\213}{chapter.3}% 13
\BOOKMARK [1][-]{section.3.3}{\376\377\000P\000r\000o\000b\000i\000t\152\041\127\213}{chapter.3}% 14
\BOOKMARK [1][-]{section.3.4}{\376\377\131\032\230\171\000L\000o\000g\000i\000t\152\041\127\213}{chapter.3}% 15
\BOOKMARK [1][-]{section.3.5}{\376\377\154\312\147\176\133\371\145\160\176\277\140\047\152\041\127\213}{chapter.3}% 16
\BOOKMARK [1][-]{section.3.6}{\376\377\226\366\201\250\200\300\213\241\145\160\152\041\127\213}{chapter.3}% 17
\BOOKMARK [1][-]{section.3.7}{\376\377\131\032\230\171\122\006\136\003\133\371\145\160\176\277\140\047\152\041\127\213}{chapter.3}% 18
\BOOKMARK [0][-]{chapter.4}{\376\377\126\336\137\122\122\006\147\220}{}% 19
\BOOKMARK [1][-]{section.4.1}{\376\377\176\317\121\170\126\336\137\122\152\041\127\213\166\204\127\372\147\054\211\201\175\040}{chapter.4}% 20
\BOOKMARK [0][-]{chapter.5}{\376\377\200\132\174\173\122\006\147\220}{}% 21
\BOOKMARK [1][-]{section.5.1}{\376\377\166\370\117\074\140\047\136\246\221\317}{chapter.5}% 22
\BOOKMARK [1][-]{section.5.2}{\376\377\174\373\176\337\200\132\174\173\154\325}{chapter.5}% 23
\BOOKMARK [1][-]{section.5.3}{\376\377\000K\000-\000m\000e\000a\000n\000s\200\132\174\173\154\325}{chapter.5}% 24
\BOOKMARK [1][-]{section.5.4}{\376\377\000E\000M\200\132\174\173\154\325}{chapter.5}% 25
\BOOKMARK [1][-]{section.5.5}{\376\377\174\173\166\204\116\052\145\160}{chapter.5}% 26
\BOOKMARK [0][-]{chapter.6}{\376\377\122\044\122\053\122\006\147\220}{}% 27
\BOOKMARK [1][-]{section.6.1}{\376\377\215\335\171\273\122\044\122\053}{chapter.6}% 28
\BOOKMARK [2][-]{subsection.6.1.1}{\376\377\116\044\116\052\140\073\117\123\166\204\215\335\171\273\122\044\122\053}{section.6.1}% 29
\BOOKMARK [1][-]{section.6.2}{\376\377\000F\000i\000s\000h\000e\000r\122\044\122\053}{chapter.6}% 30
\BOOKMARK [1][-]{section.6.3}{\376\377\000B\000a\000y\000e\000s\122\044\122\053}{chapter.6}% 31
\BOOKMARK [1][-]{section.6.4}{\376\377\116\214\153\041\122\044\122\053}{chapter.6}% 32
\BOOKMARK [1][-]{section.6.5}{\376\377\150\110\117\213\122\006\147\220}{chapter.6}% 33
\BOOKMARK [2][-]{subsection.6.5.1}{\376\377\215\335\171\273\122\044\122\053\154\325}{section.6.5}% 34
\BOOKMARK [2][-]{subsection.6.5.2}{\376\377\000F\000i\000s\000h\000e\000r\122\044\122\053\154\325}{section.6.5}% 35
\BOOKMARK [2][-]{subsection.6.5.3}{\376\377\000B\000a\000y\000e\000s\122\044\122\053\154\325}{section.6.5}% 36
\BOOKMARK [0][-]{chapter.7}{\376\377\116\073\142\020\122\006\122\006\147\220}{}% 37
\BOOKMARK [1][-]{section.7.1}{\376\377\164\006\213\272}{chapter.7}% 38
\BOOKMARK [1][-]{section.7.2}{\376\377\116\044\116\052\133\236\117\213}{chapter.7}% 39
\BOOKMARK [1][-]{section.7.3}{\376\377\150\110\117\213\122\006\147\220\000:\116\073\142\020\122\006\126\336\137\122}{chapter.7}% 40
\BOOKMARK [0][-]{chapter.8}{\376\377\126\340\133\120\122\006\147\220}{}% 41
\BOOKMARK [1][-]{section.8.1}{\376\377\164\006\213\272\000:\153\143\116\244\126\340\133\120\152\041\127\213}{chapter.8}% 42
\BOOKMARK [1][-]{section.8.2}{\376\377\117\213\230\230}{chapter.8}% 43
\BOOKMARK [1][-]{section.8.3}{\376\377\000s\000u\000m\000m\000a\000r\000y}{chapter.8}% 44
\BOOKMARK [1][-]{section.8.4}{\376\377\150\110\117\213\122\006\147\220}{chapter.8}% 45
\BOOKMARK [0][-]{chapter.9}{\376\377\121\170\127\213\166\370\121\163\122\006\147\220}{}% 46
\BOOKMARK [1][-]{section.9.1}{\376\377\164\006\213\272}{chapter.9}% 47
\BOOKMARK [2][-]{subsection.9.1.1}{\376\377\140\073\117\123\121\170\127\213\166\370\121\163}{section.9.1}% 48
\BOOKMARK [2][-]{subsection.9.1.2}{\376\377\150\067\147\054\121\170\127\213\166\370\121\163\174\373\145\160\116\345\123\312\146\076\204\127\140\047\150\300\232\214}{section.9.1}% 49
\BOOKMARK [1][-]{section.9.2}{\376\377\117\213\230\230}{chapter.9}% 50
